<?xml version="1.0" encoding="UTF-8"?>
<!-- Generated by org.testng.reporters.JUnitXMLReporter -->
<testsuite hostname="GACDTL01PP481D" ignored="0" name="Default test" tests="3" failures="0" timestamp="09 Mar 2018 15:55:13 GMT" time="47.75" errors="0">
  <testcase name="loginPageTitleTest" time="0.072" classname="com.crm.qa.testcases.LoginPageTest"/>
  <testcase name="crmLogoImageTest" time="0.099" classname="com.crm.qa.testcases.LoginPageTest"/>
  <testcase name="loginTest" time="0.209" classname="com.crm.qa.testcases.LoginPageTest"/>
</testsuite> <!-- Default test -->
